<?xml version="1.0" encoding="UTF-8"?>
<testsuites>
  <testsuite name="Test Suite" tests="4" assertions="5" errors="0" failures="0" skipped="1" time="0.170618">
    <testsuite name="RobertBaelde\NotificationTransactions\Tests\NotificationSendingListenerTest" file="/Users/robertbaelde/code/NotificationTransactions/tests/NotificationSendingListenerTest.php" tests="2" assertions="2" errors="0" failures="0" skipped="0" time="0.126494">
      <testcase name="the_listener_returns_null_when_transaction_is_not_active" class="RobertBaelde\NotificationTransactions\Tests\NotificationSendingListenerTest" classname="RobertBaelde.NotificationTransactions.Tests.NotificationSendingListenerTest" file="/Users/robertbaelde/code/NotificationTransactions/tests/NotificationSendingListenerTest.php" line="16" assertions="1" time="0.122699"/>
      <testcase name="the_listener_returns_false_when_transaction_is_active" class="RobertBaelde\NotificationTransactions\Tests\NotificationSendingListenerTest" classname="RobertBaelde.NotificationTransactions.Tests.NotificationSendingListenerTest" file="/Users/robertbaelde/code/NotificationTransactions/tests/NotificationSendingListenerTest.php" line="29" assertions="1" time="0.003795"/>
    </testsuite>
    <testsuite name="RobertBaelde\NotificationTransactions\Tests\TransactionTest" file="/Users/robertbaelde/code/NotificationTransactions/tests/TransactionTest.php" tests="2" assertions="3" errors="0" failures="0" skipped="1" time="0.044124">
      <testcase name="a_transaction_can_be_started" class="RobertBaelde\NotificationTransactions\Tests\TransactionTest" classname="RobertBaelde.NotificationTransactions.Tests.TransactionTest" file="/Users/robertbaelde/code/NotificationTransactions/tests/TransactionTest.php" line="14" assertions="3" time="0.003533"/>
      <testcase name="it_sends_all_notifications_on_commit" class="RobertBaelde\NotificationTransactions\Tests\TransactionTest" classname="RobertBaelde.NotificationTransactions.Tests.TransactionTest" file="/Users/robertbaelde/code/NotificationTransactions/tests/TransactionTest.php" line="29" assertions="0" time="0.040591">
        <skipped/>
      </testcase>
    </testsuite>
  </testsuite>
</testsuites>
